[00:31:19] [Server thread/INFO]: Starting minecraft server version 1.11.2
[00:31:20] [Server thread/INFO]: Loading properties
[00:31:20] [Server thread/INFO]: Default game type: SURVIVAL
[00:31:20] [Server thread/INFO]: This server is running CraftBukkit version git-Spigot-3fb9445-6e3cec8 (MC: 1.11.2) (Implementing API version 1.11.2-R0.1-SNAPSHOT)
[00:31:20] [Server thread/INFO]: Unable to find file banned-players.json, creating it.
[00:31:20] [Server thread/INFO]: Unable to find file banned-ips.json, creating it.
[00:31:20] [Server thread/INFO]: Unable to find file ops.json, creating it.
[00:31:20] [Server thread/INFO]: Unable to find file whitelist.json, creating it.
[00:31:20] [Server thread/INFO]: Using 4 threads for Netty based IO
[00:31:20] [Server thread/INFO]: Server Ping Player Sample Count: 12
[00:31:20] [Server thread/INFO]: Debug logging is disabled
[00:31:20] [Server thread/INFO]: Generating keypair
[00:31:20] [Server thread/INFO]: Starting Minecraft server on *:25565
[00:31:20] [Server thread/INFO]: Using epoll channel type
[00:31:20] [Server thread/INFO]: **** Beginning UUID conversion, this may take A LONG time ****
[00:31:20] [Server thread/INFO]: Preparing level "world"
[00:31:20] [Server thread/INFO]: -------- World Settings For [world] --------
[00:31:20] [Server thread/INFO]: Entity Tracking Range: Pl 48 / An 48 / Mo 48 / Mi 32 / Other 64
[00:31:20] [Server thread/INFO]: Hopper Transfer: 8 Hopper Check: 1 Hopper Amount: 1
[00:31:20] [Server thread/INFO]: Random Lighting Updates: false
[00:31:20] [Server thread/INFO]: Structure Info Saving: true
[00:31:20] [Server thread/INFO]: Custom Map Seeds:  Village: 10387312 Feature: 14357617 Monument: 10387313 Slime: 987234911
[00:31:20] [Server thread/INFO]: Max TNT Explosions: 100
[00:31:20] [Server thread/INFO]: Tile Max Tick Time: 50ms Entity max Tick Time: 50ms
[00:31:20] [Server thread/INFO]: Cactus Growth Modifier: 100%
[00:31:20] [Server thread/INFO]: Cane Growth Modifier: 100%
[00:31:20] [Server thread/INFO]: Melon Growth Modifier: 100%
[00:31:20] [Server thread/INFO]: Mushroom Growth Modifier: 100%
[00:31:20] [Server thread/INFO]: Pumpkin Growth Modifier: 100%
[00:31:20] [Server thread/INFO]: Sapling Growth Modifier: 100%
[00:31:20] [Server thread/INFO]: Wheat Growth Modifier: 100%
[00:31:20] [Server thread/INFO]: NetherWart Growth Modifier: 100%
[00:31:20] [Server thread/INFO]: Vine Growth Modifier: 100%
[00:31:20] [Server thread/INFO]: Cocoa Growth Modifier: 100%
[00:31:20] [Server thread/INFO]: Entity Activation Range: An 32 / Mo 32 / Mi 16
[00:31:20] [Server thread/INFO]: Mob Spawn Range: 4
[00:31:20] [Server thread/INFO]: Item Despawn Rate: 6000
[00:31:20] [Server thread/INFO]: Item Merge Radius: 2.5
[00:31:20] [Server thread/INFO]: Arrow Despawn Rate: 1200
[00:31:20] [Server thread/INFO]: Allow Zombie Pigmen to spawn from portal blocks: true
[00:31:20] [Server thread/INFO]: View Distance: 10
[00:31:20] [Server thread/INFO]: Experience Merge Radius: 3.0
[00:31:20] [Server thread/INFO]: Zombie Aggressive Towards Villager: true
[00:31:20] [Server thread/INFO]: Nerfing mobs spawned from spawners: false
[00:31:21] [Server thread/INFO]: -------- World Settings For [world_nether] --------
[00:31:21] [Server thread/INFO]: Entity Tracking Range: Pl 48 / An 48 / Mo 48 / Mi 32 / Other 64
[00:31:21] [Server thread/INFO]: Hopper Transfer: 8 Hopper Check: 1 Hopper Amount: 1
[00:31:21] [Server thread/INFO]: Random Lighting Updates: false
[00:31:21] [Server thread/INFO]: Structure Info Saving: true
[00:31:21] [Server thread/INFO]: Custom Map Seeds:  Village: 10387312 Feature: 14357617 Monument: 10387313 Slime: 987234911
[00:31:21] [Server thread/INFO]: Max TNT Explosions: 100
[00:31:21] [Server thread/INFO]: Tile Max Tick Time: 50ms Entity max Tick Time: 50ms
[00:31:21] [Server thread/INFO]: Cactus Growth Modifier: 100%
[00:31:21] [Server thread/INFO]: Cane Growth Modifier: 100%
[00:31:21] [Server thread/INFO]: Melon Growth Modifier: 100%
[00:31:21] [Server thread/INFO]: Mushroom Growth Modifier: 100%
[00:31:21] [Server thread/INFO]: Pumpkin Growth Modifier: 100%
[00:31:21] [Server thread/INFO]: Sapling Growth Modifier: 100%
[00:31:21] [Server thread/INFO]: Wheat Growth Modifier: 100%
[00:31:21] [Server thread/INFO]: NetherWart Growth Modifier: 100%
[00:31:21] [Server thread/INFO]: Vine Growth Modifier: 100%
[00:31:21] [Server thread/INFO]: Cocoa Growth Modifier: 100%
[00:31:21] [Server thread/INFO]: Entity Activation Range: An 32 / Mo 32 / Mi 16
[00:31:21] [Server thread/INFO]: Mob Spawn Range: 4
[00:31:21] [Server thread/INFO]: Item Despawn Rate: 6000
[00:31:21] [Server thread/INFO]: Item Merge Radius: 2.5
[00:31:21] [Server thread/INFO]: Arrow Despawn Rate: 1200
[00:31:21] [Server thread/INFO]: Allow Zombie Pigmen to spawn from portal blocks: true
[00:31:21] [Server thread/INFO]: View Distance: 10
[00:31:21] [Server thread/INFO]: Experience Merge Radius: 3.0
[00:31:21] [Server thread/INFO]: Zombie Aggressive Towards Villager: true
[00:31:21] [Server thread/INFO]: Nerfing mobs spawned from spawners: false
[00:31:22] [Server thread/INFO]: -------- World Settings For [world_the_end] --------
[00:31:22] [Server thread/INFO]: Entity Tracking Range: Pl 48 / An 48 / Mo 48 / Mi 32 / Other 64
[00:31:22] [Server thread/INFO]: Hopper Transfer: 8 Hopper Check: 1 Hopper Amount: 1
[00:31:22] [Server thread/INFO]: Random Lighting Updates: false
[00:31:22] [Server thread/INFO]: Structure Info Saving: true
[00:31:22] [Server thread/INFO]: Custom Map Seeds:  Village: 10387312 Feature: 14357617 Monument: 10387313 Slime: 987234911
[00:31:22] [Server thread/INFO]: Max TNT Explosions: 100
[00:31:22] [Server thread/INFO]: Tile Max Tick Time: 50ms Entity max Tick Time: 50ms
[00:31:22] [Server thread/INFO]: Cactus Growth Modifier: 100%
[00:31:22] [Server thread/INFO]: Cane Growth Modifier: 100%
[00:31:22] [Server thread/INFO]: Melon Growth Modifier: 100%
[00:31:22] [Server thread/INFO]: Mushroom Growth Modifier: 100%
[00:31:22] [Server thread/INFO]: Pumpkin Growth Modifier: 100%
[00:31:22] [Server thread/INFO]: Sapling Growth Modifier: 100%
[00:31:22] [Server thread/INFO]: Wheat Growth Modifier: 100%
[00:31:22] [Server thread/INFO]: NetherWart Growth Modifier: 100%
[00:31:22] [Server thread/INFO]: Vine Growth Modifier: 100%
[00:31:22] [Server thread/INFO]: Cocoa Growth Modifier: 100%
[00:31:22] [Server thread/INFO]: Entity Activation Range: An 32 / Mo 32 / Mi 16
[00:31:22] [Server thread/INFO]: Mob Spawn Range: 4
[00:31:22] [Server thread/INFO]: Item Despawn Rate: 6000
[00:31:22] [Server thread/INFO]: Item Merge Radius: 2.5
[00:31:22] [Server thread/INFO]: Arrow Despawn Rate: 1200
[00:31:22] [Server thread/INFO]: Allow Zombie Pigmen to spawn from portal blocks: true
[00:31:22] [Server thread/INFO]: View Distance: 10
[00:31:22] [Server thread/INFO]: Experience Merge Radius: 3.0
[00:31:22] [Server thread/INFO]: Zombie Aggressive Towards Villager: true
[00:31:22] [Server thread/INFO]: Nerfing mobs spawned from spawners: false
[00:31:22] [Server thread/INFO]: Preparing start region for level 0 (Seed: 8471769849425283415)
[00:31:23] [Server thread/INFO]: Preparing spawn area: 5%
[00:31:24] [Server thread/INFO]: Preparing spawn area: 8%
[00:31:25] [Server thread/INFO]: Preparing spawn area: 12%
[00:31:26] [Server thread/INFO]: Preparing spawn area: 18%
[00:31:27] [Server thread/INFO]: Preparing spawn area: 24%
[00:31:28] [Server thread/INFO]: Preparing spawn area: 30%
[00:31:29] [Server thread/INFO]: Preparing spawn area: 36%
[00:31:30] [Server thread/INFO]: Preparing spawn area: 43%
[00:31:31] [Server thread/INFO]: Preparing spawn area: 51%
[00:31:32] [Server thread/INFO]: Preparing spawn area: 61%
[00:31:33] [Server thread/INFO]: Preparing spawn area: 70%
[00:31:34] [Server thread/INFO]: Preparing spawn area: 79%
[00:31:35] [Server thread/INFO]: Preparing spawn area: 89%
[00:31:36] [Server thread/INFO]: Preparing spawn area: 97%
[00:31:36] [Server thread/INFO]: Preparing start region for level 1 (Seed: 8471769849425283415)
[00:31:37] [Server thread/INFO]: Preparing spawn area: 8%
[00:31:38] [Server thread/INFO]: Preparing spawn area: 20%
[00:31:39] [Server thread/INFO]: Preparing spawn area: 37%
[00:31:40] [Server thread/INFO]: Preparing spawn area: 56%
[00:31:41] [Server thread/INFO]: Preparing spawn area: 72%
[00:31:42] [Server thread/INFO]: Preparing spawn area: 85%
[00:31:43] [Server thread/INFO]: Preparing start region for level 2 (Seed: 8471769849425283415)
[00:31:44] [Server thread/INFO]: Preparing spawn area: 45%
[00:31:45] [Server thread/INFO]: Preparing spawn area: 87%
[00:31:46] [Server thread/INFO]: Done (25.245s)! For help, type "help" or "?"
[00:31:51] [Server thread/INFO]: Stopping the server
[00:31:51] [Server thread/INFO]: Stopping server
[00:31:51] [Server thread/INFO]: Saving players
[00:31:51] [Server thread/INFO]: Saving worlds
[00:31:51] [Server thread/INFO]: Saving chunks for level 'world'/Overworld
[00:31:52] [Server thread/INFO]: Saving chunks for level 'world_nether'/Nether
[00:31:52] [Server thread/INFO]: Saving chunks for level 'world_the_end'/The End
